2023-10-10 11:23:03,297 INFO    MainThread:18619 [wandb_setup.py:_flush():76] Current SDK version is 0.15.12
2023-10-10 11:23:03,297 INFO    MainThread:18619 [wandb_setup.py:_flush():76] Configure stats pid to 18619
2023-10-10 11:23:03,297 INFO    MainThread:18619 [wandb_setup.py:_flush():76] Loading settings from /root/.config/wandb/settings
2023-10-10 11:23:03,297 INFO    MainThread:18619 [wandb_setup.py:_flush():76] Loading settings from /root/autodl-tmp/dragon/wandb/settings
2023-10-10 11:23:03,297 INFO    MainThread:18619 [wandb_setup.py:_flush():76] Loading settings from environment variables: {}
2023-10-10 11:23:03,297 INFO    MainThread:18619 [wandb_setup.py:_flush():76] Applying setup settings: {'_disable_service': False}
2023-10-10 11:23:03,297 INFO    MainThread:18619 [wandb_setup.py:_flush():76] Inferring run settings from compute environment: {'program_relpath': 'dragon.py', 'program_abspath': '/root/autodl-tmp/dragon/dragon.py', 'program': 'dragon.py'}
2023-10-10 11:23:03,297 INFO    MainThread:18619 [wandb_init.py:_log_setup():528] Logging user logs to /root/autodl-tmp/dragon/wandb/run-20231010_112303-tdsighum/logs/debug.log
2023-10-10 11:23:03,297 INFO    MainThread:18619 [wandb_init.py:_log_setup():529] Logging internal logs to /root/autodl-tmp/dragon/wandb/run-20231010_112303-tdsighum/logs/debug-internal.log
2023-10-10 11:23:03,297 INFO    MainThread:18619 [wandb_init.py:init():568] calling init triggers
2023-10-10 11:23:03,297 INFO    MainThread:18619 [wandb_init.py:init():575] wandb.init called with sweep_config: {}
config: {'ent_emb_paths': ['data/cpnet/tzw.ent.npy'], 'kg_vocab_path': 'data/cpnet/concept.txt', 'dataset': 'obqa', 'data_dir': 'data', 'inhouse': False, 'inhouse_train_qids': 'data/obqa/inhouse_split_qids.txt', 'train_statements': 'data/obqa/statement/train.statement.jsonl', 'dev_statements': 'data/obqa/statement/dev.statement.jsonl', 'test_statements': 'data/obqa/statement/test.statement.jsonl', 'max_seq_len': 100, 'encoder': 'roberta-large', 'encoder_load_path': '', 'encoder_layer': -1, 'encoder_lr': 3e-05, 'loss': 'cross_entropy', 'optim': 'radam', 'lr_schedule': 'warmup_linear', 'batch_size': 128, 'warmup_steps': 100.0, 'max_grad_norm': 1.0, 'weight_decay': 0.01, 'n_epochs': 36, 'max_epochs_before_stop': 100, 'log_interval': 10, 'cuda': True, 'seed': 1, 'debug': False, 'mode': 'train', 'use_codalab': 0, 'save_dir': 'runs/obqa/dragon__obqa_ih_false_load__elr3e-5_dlr1e-3_b128_ufz2_e36_sd1__20231010_112258', 'save_model': 0.0, 'load_model_path': 'models/general_model.pt', 'run_name': 'dragon__obqa_ih_false_load__elr3e-5_dlr1e-3_b128_ufz2_e36_sd1__20231010_112258', 'resume_checkpoint': 'None', 'use_wandb': True, 'resume_id': 'None', 'load_graph_cache': True, 'dump_graph_cache': True, 'local_rank': -1, 'world_size': 1, 'data_loader_one_process_at_a_time': False, 'end_task': 1.0, 'mlm_task': 0.0, 'link_task': 0.0, 'mlm_probability': 0.15, 'span_mask': False, 'link_drop_max_count': 100, 'link_drop_probability': 0.2, 'link_drop_probability_in_which_keep': 0.2, 'link_negative_sample_size': 64, 'link_negative_adversarial_sampling': True, 'link_negative_adversarial_sampling_temperature': 1, 'link_regularizer_weight': 0.01, 'link_normalize_headtail': 0, 'link_proj_headtail': False, 'scaled_distmult': False, 'link_gamma': 12, 'link_decoder': 'DistMult', 'kg': 'cpnet', 'max_num_relation': -1, 'kg_only_use_qa_nodes': False, 'train_adj': 'data/obqa/graph/train.graph.adj.pk', 'dev_adj': 'data/obqa/graph/dev.graph.adj.pk', 'test_adj': 'data/obqa/graph/test.graph.adj.pk', 'max_node_num': 200, 'subsample': 1.0, 'n_train': -1, 'k': 5, 'att_head_num': 2, 'gnn_dim': 200, 'fc_dim': 200, 'fc_layer_num': 0, 'freeze_ent_emb': True, 'ie_dim': 400, 'residual_ie': 2, 'info_exchange': True, 'ie_layer_num': 1, 'sep_ie_layers': False, 'random_ent_emb': False, 'cxt_node_connects_all': False, 'no_node_score': True, 'dropouti': 0.2, 'dropoutg': 0.2, 'dropoutf': 0.2, 'decoder_lr': 0.001, 'mini_batch_size': 2, 'eval_batch_size': 2, 'unfreeze_epoch': 2, 'refreeze_epoch': 10000, 'init_range': 0.02, 'fp16': True, 'upcast': True, 'redef_epoch_steps': -1, 'hf_version': '4.9.1', 'wandb_id': 'tdsighum'}
2023-10-10 11:23:03,297 INFO    MainThread:18619 [wandb_init.py:init():618] starting backend
2023-10-10 11:23:03,297 INFO    MainThread:18619 [wandb_init.py:init():622] setting up manager
2023-10-10 11:23:03,298 INFO    MainThread:18619 [backend.py:_multiprocessing_setup():105] multiprocessing start_methods=fork,spawn,forkserver, using: fork
2023-10-10 11:23:03,299 INFO    MainThread:18619 [wandb_init.py:init():628] backend started and connected
2023-10-10 11:23:03,303 INFO    MainThread:18619 [wandb_init.py:init():720] updated telemetry
2023-10-10 11:23:03,329 INFO    MainThread:18619 [wandb_init.py:init():753] communicating run to backend with 90.0 second timeout
2023-10-10 11:23:04,779 INFO    MainThread:18619 [wandb_run.py:_on_init():2220] communicating current version
2023-10-10 11:23:09,190 INFO    MainThread:18619 [wandb_run.py:_on_init():2229] got version response 
2023-10-10 11:23:09,190 INFO    MainThread:18619 [wandb_init.py:init():804] starting run threads in backend
2023-10-10 11:23:11,147 INFO    MainThread:18619 [wandb_run.py:_console_start():2199] atexit reg
2023-10-10 11:23:11,148 INFO    MainThread:18619 [wandb_run.py:_redirect():2054] redirect: wrap_raw
2023-10-10 11:23:11,148 INFO    MainThread:18619 [wandb_run.py:_redirect():2119] Wrapping output streams.
2023-10-10 11:23:11,148 INFO    MainThread:18619 [wandb_run.py:_redirect():2144] Redirects installed.
2023-10-10 11:23:11,149 INFO    MainThread:18619 [wandb_init.py:init():845] run started, returning control to user process
2023-10-10 14:48:02,373 WARNING MsgRouterThr:18619 [router.py:message_loop():77] message_loop has been closed
